<?xml version="1.0" encoding="UTF-8"?>
<!-- Generated by org.testng.reporters.JUnitReportReporter -->
<testsuite skipped="0" hostname="Mohammeds-MacBook-Pro.local" name="com.usa.myrunner.MyRunner" tests="2" failures="0" timestamp="08 Mar 2020 05:38:04 GMT" time="30.031" errors="0">
  <testcase name="feature" time="20.381" classname="com.usa.myrunner.MyRunner"/>
  <testcase name="feature" time="9.650" classname="com.usa.myrunner.MyRunner"/>
</testsuite> <!-- com.usa.myrunner.MyRunner -->
