<?xml version="1.0" encoding="UTF-8"?>
<!-- Generated by org.testng.reporters.JUnitReportReporter -->
<testsuite skipped="0" hostname="LAPTOP-0DTB49BH" name="com.usa.logintest.FindPropertyTest" tests="1" failures="0" timestamp="16 Mar 2020 01:49:50 GMT" time="33.516" errors="0">
  <testcase name="findProperties" time="33.516" classname="com.usa.logintest.FindPropertyTest"/>
</testsuite> <!-- com.usa.logintest.FindPropertyTest -->
